[debug] [2026-07-04T18:08:34.441Z] ----------------------------------------------------------------------
[debug] [2026-07-04T18:08:34.446Z] Command:       C:\Program Files\nodejs\node.exe C:\Users\GOPINATHREDDY R\AppData\Roaming\npm\node_modules\firebase-tools\lib\bin\firebase.js projects:list
[debug] [2026-07-04T18:08:34.446Z] CLI Version:   14.10.1
[debug] [2026-07-04T18:08:34.446Z] Platform:      win32
[debug] [2026-07-04T18:08:34.447Z] Node Version:  v22.17.1
[debug] [2026-07-04T18:08:34.447Z] Time:          Sat Jul 04 2026 23:38:34 GMT+0530 (India Standard Time)
[debug] [2026-07-04T18:08:34.447Z] ----------------------------------------------------------------------
[debug] 
[debug] [2026-07-04T18:08:34.452Z] >>> [apiv2][query] GET https://firebase-public.firebaseio.com/cli.json [none]
[debug] [2026-07-04T18:08:34.531Z] > command requires scopes: ["email","openid","https://www.googleapis.com/auth/cloudplatformprojects.readonly","https://www.googleapis.com/auth/firebase","https://www.googleapis.com/auth/cloud-platform"]
[debug] [2026-07-04T18:08:34.532Z] > authorizing via signed-in user (rgopinathreddyreddyvari143@gmail.com)
[debug] [2026-07-04T18:08:34.536Z] Checked if tokens are valid: false, expires at: 1752473070743
[debug] [2026-07-04T18:08:34.537Z] Checked if tokens are valid: false, expires at: 1752473070743
[debug] [2026-07-04T18:08:34.537Z] > refreshing access token with scopes: []
[debug] [2026-07-04T18:08:34.538Z] >>> [apiv2][query] POST https://www.googleapis.com/oauth2/v3/token [none]
[debug] [2026-07-04T18:08:34.539Z] >>> [apiv2][body] POST https://www.googleapis.com/oauth2/v3/token [omitted]
[debug] [2026-07-04T18:08:34.791Z] <<< [apiv2][status] POST https://www.googleapis.com/oauth2/v3/token 400
[debug] [2026-07-04T18:08:34.791Z] <<< [apiv2][body] POST https://www.googleapis.com/oauth2/v3/token [omitted]
[debug] [2026-07-04T18:08:34.791Z] >>> [apiv2][query] GET https://firebase.googleapis.com/v1beta1/projects pageSize=1000
[debug] [2026-07-04T18:08:35.246Z] <<< [apiv2][status] GET https://firebase.googleapis.com/v1beta1/projects 401
[debug] [2026-07-04T18:08:35.246Z] <<< [apiv2][body] GET https://firebase.googleapis.com/v1beta1/projects [omitted]
[debug] [2026-07-04T18:08:35.246Z] Got a 401 Unauthenticated error for a call that required authentication. Refreshing tokens.
[debug] [2026-07-04T18:08:35.246Z] Checked if tokens are valid: false, expires at: 1752473070743
[debug] [2026-07-04T18:08:35.246Z] Checked if tokens are valid: false, expires at: 1752473070743
[debug] [2026-07-04T18:08:35.246Z] > refreshing access token with scopes: []
[debug] [2026-07-04T18:08:35.247Z] >>> [apiv2][query] POST https://www.googleapis.com/oauth2/v3/token [none]
[debug] [2026-07-04T18:08:35.247Z] >>> [apiv2][body] POST https://www.googleapis.com/oauth2/v3/token [omitted]
[debug] [2026-07-04T18:08:35.290Z] <<< [apiv2][status] GET https://firebase-public.firebaseio.com/cli.json 200
[debug] [2026-07-04T18:08:35.290Z] <<< [apiv2][body] GET https://firebase-public.firebaseio.com/cli.json {"cloudBuildErrorAfter":1594252800000,"cloudBuildWarnAfter":1590019200000,"defaultNode10After":1594252800000,"minVersion":"3.0.5","node8DeploysDisabledAfter":1613390400000,"node8RuntimeDisabledAfter":1615809600000,"node8WarnAfter":1600128000000}
[debug] [2026-07-04T18:08:35.332Z] <<< [apiv2][status] POST https://www.googleapis.com/oauth2/v3/token 400
[debug] [2026-07-04T18:08:35.332Z] <<< [apiv2][body] POST https://www.googleapis.com/oauth2/v3/token [omitted]
[debug] [2026-07-04T18:08:35.333Z] Request to https://firebase.googleapis.com/v1beta1/projects?pageSize=1000 had HTTP Error: 401, Request had invalid authentication credentials. Expected OAuth 2 access token, login cookie or other valid authentication credential. See https://developers.google.com/identity/sign-in/web/devconsole-project.
[debug] [2026-07-04T18:08:35.644Z] FirebaseError: Request to https://firebase.googleapis.com/v1beta1/projects?pageSize=1000 had HTTP Error: 401, Request had invalid authentication credentials. Expected OAuth 2 access token, login cookie or other valid authentication credential. See https://developers.google.com/identity/sign-in/web/devconsole-project.
    at responseToError (C:\Users\GOPINATHREDDY R\AppData\Roaming\npm\node_modules\firebase-tools\lib\responseToError.js:52:12)
    at RetryOperation._fn (C:\Users\GOPINATHREDDY R\AppData\Roaming\npm\node_modules\firebase-tools\lib\apiv2.js:312:77)
    at process.processTicksAndRejections (node:internal/process/task_queues:105:5)
[error] 
[error] Error: Failed to list Firebase projects. See firebase-debug.log for more info.
